<?xml version="1.0" encoding="UTF-8"?>
<!-- Generated by org.testng.reporters.JUnitXMLReporter -->
<testsuite ignored="0" hostname="KinaBholi" failures="0" tests="9" name="Candidate Assignment UI" time="6.567" errors="0" timestamp="2023-07-28T16:17:07 NPT">
  <testcase classname="tests.ActualTest" name="Login" time="0.513"/>
  <testcase classname="tests.ActualTest" name="addToCart_Item1" time="0.296"/>
  <testcase classname="tests.ActualTest" name="removeItem" time="0.274"/>
  <testcase classname="tests.ActualTest" name="addToCart_Item2" time="0.48"/>
  <testcase classname="tests.ActualTest" name="checkoutPage_Step1" time="0.568"/>
  <testcase classname="tests.ActualTest" name="checkoutPage_Step2" time="0.152"/>
  <testcase classname="tests.ActualTest" name="CheckoutComplete" time="0.161"/>
  <testcase classname="tests.ActualTest" name="backHome" time="0.119"/>
  <testcase classname="tests.ActualTest" name="logout" time="0.217"/>
</testsuite> <!-- Candidate Assignment UI -->
