<?xml version="1.0" encoding="UTF-8"?>
<!-- Generated by org.testng.reporters.JUnitXMLReporter -->
<testsuite ignored="0" hostname="KinaBholi" failures="1" tests="9" name="Candidate Assignment" time="8.557" errors="0" timestamp="2023-07-28T09:56:46 NPT">
  <testcase classname="tests.ActualTest" name="Login" time="0.489">
    <failure type="java.lang.AssertionError" message="Login Not Successfull - Login Page expected [false] but found [true]">
      <![CDATA[java.lang.AssertionError: Login Not Successfull - Login Page expected [false] but found [true]
at tests.ActualTest.Login(ActualTest.java:33)
at java.base/java.util.ArrayList.forEach(ArrayList.java:1511)
... Removed 30 stack frames]]>
    </failure>
  </testcase> <!-- Login -->
  <testcase classname="tests.ActualTest" name="addToCart_Item1" time="0.315"/>
  <testcase classname="tests.ActualTest" name="removeItem" time="0.28"/>
  <testcase classname="tests.ActualTest" name="addToCart_Item2" time="0.461"/>
  <testcase classname="tests.ActualTest" name="checkoutPage_Step1" time="0.508"/>
  <testcase classname="tests.ActualTest" name="checkoutPage_Step2" time="0.153"/>
  <testcase classname="tests.ActualTest" name="CheckoutComplete" time="0.138"/>
  <testcase classname="tests.ActualTest" name="backHome" time="0.119"/>
  <testcase classname="tests.ActualTest" name="logout" time="0.196"/>
</testsuite> <!-- Candidate Assignment -->
